0 info it worked if it ends with ok
1 verbose cli [ '/usr/bin/node', '/usr/bin/npm', 'install' ]
2 info using npm@1.4.28
3 info using node@v0.10.33
4 verbose node symlink /usr/bin/node
5 warn package.json stethoscope@0.0.1 No description
6 warn package.json stethoscope@0.0.1 No repository field.
7 warn package.json stethoscope@0.0.1 No README data
8 verbose readDependencies using package.json deps
9 verbose install where, deps [ '/home/stethoscope/stethoscope',
9 verbose install   [ 'grunt',
9 verbose install     'grunt-cli',
9 verbose install     'grunt-mkdir',
9 verbose install     'grunt-complexity',
9 verbose install     'grunt-contrib-clean',
9 verbose install     'grunt-contrib-concat',
9 verbose install     'grunt-contrib-copy',
9 verbose install     'grunt-contrib-csslint',
9 verbose install     'grunt-contrib-cssmin',
9 verbose install     'grunt-contrib-htmlmin',
9 verbose install     'grunt-contrib-jshint',
9 verbose install     'grunt-contrib-nodeunit',
9 verbose install     'grunt-contrib-uglify',
9 verbose install     'grunt-jsdoc',
9 verbose install     'grunt-jslint',
9 verbose install     'grunt-jsonlint',
9 verbose install     'grunt-newer',
9 verbose install     'grunt-mocha-test',
9 verbose install     'grunt-bower-install',
9 verbose install     'grunt-bower-install-simple',
9 verbose install     'grunt-bower-task',
9 verbose install     'grunt-env',
9 verbose install     'grunt-processhtml',
9 verbose install     'grunt-preprocess',
9 verbose install     'load-grunt-tasks',
9 verbose install     'express',
9 verbose install     'body-parser',
9 verbose install     'node-uuid',
9 verbose install     'multer',
9 verbose install     'cookie-parser',
9 verbose install     'nodemailer',
9 verbose install     'just.randomstring',
9 verbose install     'validator',
9 verbose install     'chai',
9 verbose install     'sinon',
9 verbose install     'mongojs',
9 verbose install     'rewire',
9 verbose install     'grunt-istanbul-coverage',
9 verbose install     'grunt-istanbul',
9 verbose install     'mysql',
9 verbose install     'easyimage',
9 verbose install     'bcrypt',
9 verbose install     'serve-favicon',
9 verbose install     'morgan',
9 verbose install     'express-jwt',
9 verbose install     'grunt-text-replace',
9 verbose install     'change-case',
9 verbose install     'request' ] ]
10 info preinstall stethoscope@0.0.1
11 verbose readDependencies using package.json deps
12 verbose already installed skipping grunt@^0.4.5 /home/stethoscope/stethoscope
13 verbose already installed skipping grunt-cli@^0.1.13 /home/stethoscope/stethoscope
14 verbose already installed skipping grunt-mkdir@^0.1.2 /home/stethoscope/stethoscope
15 verbose already installed skipping grunt-complexity@^0.2.0 /home/stethoscope/stethoscope
16 verbose already installed skipping grunt-contrib-clean@^0.6.0 /home/stethoscope/stethoscope
17 verbose already installed skipping grunt-contrib-concat@^0.5.0 /home/stethoscope/stethoscope
18 verbose already installed skipping grunt-contrib-copy@^0.7.0 /home/stethoscope/stethoscope
19 verbose already installed skipping grunt-contrib-csslint@^0.3.1 /home/stethoscope/stethoscope
20 verbose already installed skipping grunt-contrib-cssmin@^0.10.0 /home/stethoscope/stethoscope
21 verbose already installed skipping grunt-contrib-htmlmin@^0.3.0 /home/stethoscope/stethoscope
22 verbose already installed skipping grunt-contrib-jshint@^0.10.0 /home/stethoscope/stethoscope
23 verbose already installed skipping grunt-contrib-nodeunit@^0.4.1 /home/stethoscope/stethoscope
24 verbose already installed skipping grunt-contrib-uglify@^0.6.0 /home/stethoscope/stethoscope
25 verbose already installed skipping grunt-jsdoc@^0.5.7 /home/stethoscope/stethoscope
26 verbose already installed skipping grunt-jslint@^1.1.12 /home/stethoscope/stethoscope
27 verbose already installed skipping grunt-jsonlint@^1.0.4 /home/stethoscope/stethoscope
28 verbose already installed skipping grunt-newer@^0.8.0 /home/stethoscope/stethoscope
29 verbose already installed skipping grunt-mocha-test@^0.12.4 /home/stethoscope/stethoscope
30 verbose already installed skipping grunt-bower-install@^1.6.0 /home/stethoscope/stethoscope
31 verbose already installed skipping grunt-bower-install-simple@^1.1.0 /home/stethoscope/stethoscope
32 verbose already installed skipping grunt-bower-task@^0.4.0 /home/stethoscope/stethoscope
33 verbose already installed skipping grunt-env@^0.4.2 /home/stethoscope/stethoscope
34 verbose already installed skipping grunt-processhtml@^0.3.3 /home/stethoscope/stethoscope
35 verbose already installed skipping grunt-preprocess@^4.0.0 /home/stethoscope/stethoscope
36 verbose already installed skipping load-grunt-tasks@^1.0.0 /home/stethoscope/stethoscope
37 verbose already installed skipping express@^4.10.2 /home/stethoscope/stethoscope
38 verbose already installed skipping body-parser@^1.9.2 /home/stethoscope/stethoscope
39 verbose already installed skipping node-uuid@^1.4.1 /home/stethoscope/stethoscope
40 verbose already installed skipping multer@^0.1.6 /home/stethoscope/stethoscope
41 verbose already installed skipping cookie-parser@^1.3.3 /home/stethoscope/stethoscope
42 verbose already installed skipping nodemailer@^1.3.0 /home/stethoscope/stethoscope
43 verbose already installed skipping just.randomstring@^0.1.1 /home/stethoscope/stethoscope
44 verbose already installed skipping validator@^3.22.1 /home/stethoscope/stethoscope
45 verbose already installed skipping chai@^1.10.0 /home/stethoscope/stethoscope
46 verbose already installed skipping sinon@^1.12.0 /home/stethoscope/stethoscope
47 verbose already installed skipping mongojs@^0.17.0 /home/stethoscope/stethoscope
48 verbose already installed skipping rewire@^2.1.3 /home/stethoscope/stethoscope
49 verbose already installed skipping grunt-istanbul-coverage@^0.1.0 /home/stethoscope/stethoscope
50 verbose already installed skipping grunt-istanbul@^0.3.0 /home/stethoscope/stethoscope
51 verbose already installed skipping mysql@^2.5.3 /home/stethoscope/stethoscope
52 verbose already installed skipping easyimage@^1.0.3 /home/stethoscope/stethoscope
53 verbose already installed skipping bcrypt@^0.8.0 /home/stethoscope/stethoscope
54 verbose already installed skipping serve-favicon@^2.1.7 /home/stethoscope/stethoscope
55 verbose already installed skipping morgan@^1.5.0 /home/stethoscope/stethoscope
56 verbose already installed skipping express-jwt@^0.5.1 /home/stethoscope/stethoscope
57 verbose already installed skipping grunt-text-replace@^0.4.0 /home/stethoscope/stethoscope
58 verbose already installed skipping change-case@^2.1.5 /home/stethoscope/stethoscope
59 verbose cache add [ 'request@^2.51.1', null ]
60 verbose cache add name=undefined spec="request@^2.51.1" args=["request@^2.51.1",null]
61 verbose parsed url { protocol: null,
61 verbose parsed url   slashes: null,
61 verbose parsed url   auth: null,
61 verbose parsed url   host: null,
61 verbose parsed url   port: null,
61 verbose parsed url   hostname: null,
61 verbose parsed url   hash: null,
61 verbose parsed url   search: null,
61 verbose parsed url   query: null,
61 verbose parsed url   pathname: 'request@^2.51.1',
61 verbose parsed url   path: 'request@^2.51.1',
61 verbose parsed url   href: 'request@^2.51.1' }
62 verbose cache add name="request" spec="^2.51.1" args=["request","^2.51.1"]
63 verbose parsed url { protocol: null,
63 verbose parsed url   slashes: null,
63 verbose parsed url   auth: null,
63 verbose parsed url   host: null,
63 verbose parsed url   port: null,
63 verbose parsed url   hostname: null,
63 verbose parsed url   hash: null,
63 verbose parsed url   search: null,
63 verbose parsed url   query: null,
63 verbose parsed url   pathname: '^2.51.1',
63 verbose parsed url   path: '^2.51.1',
63 verbose parsed url   href: '^2.51.1' }
64 verbose addNamed [ 'request', '^2.51.1' ]
65 verbose addNamed [ null, '>=2.51.1-0 <3.0.0-0' ]
66 silly lockFile 84e03a62-request-2-51-1 request@^2.51.1
67 verbose lock request@^2.51.1 /home/cseibert/.npm/84e03a62-request-2-51-1.lock
68 silly addNameRange { name: 'request', range: '>=2.51.1-0 <3.0.0-0', hasData: false }
69 verbose registry.get https://registry.npmjs.org/request not expired, no request
70 silly addNameRange number 2 { name: 'request', range: '>=2.51.1-0 <3.0.0-0', hasData: true }
71 silly addNameRange versions [ 'request',
71 silly addNameRange   [ '0.10.0',
71 silly addNameRange     '0.8.3',
71 silly addNameRange     '0.9.0',
71 silly addNameRange     '0.9.1',
71 silly addNameRange     '0.9.5',
71 silly addNameRange     '1.0.0',
71 silly addNameRange     '1.1.0',
71 silly addNameRange     '1.1.1',
71 silly addNameRange     '1.2.0',
71 silly addNameRange     '1.9.0',
71 silly addNameRange     '1.9.1',
71 silly addNameRange     '1.9.2',
71 silly addNameRange     '1.9.3',
71 silly addNameRange     '1.9.5',
71 silly addNameRange     '1.9.7',
71 silly addNameRange     '1.9.8',
71 silly addNameRange     '1.9.9',
71 silly addNameRange     '2.0.0',
71 silly addNameRange     '2.0.1',
71 silly addNameRange     '2.0.2',
71 silly addNameRange     '2.0.3',
71 silly addNameRange     '2.0.4',
71 silly addNameRange     '2.0.5',
71 silly addNameRange     '2.1.0',
71 silly addNameRange     '2.1.1',
71 silly addNameRange     '2.2.0',
71 silly addNameRange     '2.2.5',
71 silly addNameRange     '2.2.6',
71 silly addNameRange     '2.2.9',
71 silly addNameRange     '2.9.0',
71 silly addNameRange     '2.9.1',
71 silly addNameRange     '2.9.2',
71 silly addNameRange     '2.9.3',
71 silly addNameRange     '2.9.100',
71 silly addNameRange     '2.9.150',
71 silly addNameRange     '2.9.151',
71 silly addNameRange     '2.9.152',
71 silly addNameRange     '2.9.153',
71 silly addNameRange     '2.9.200',
71 silly addNameRange     '2.9.201',
71 silly addNameRange     '2.9.202',
71 silly addNameRange     '2.9.203',
71 silly addNameRange     '2.10.0',
71 silly addNameRange     '2.11.0',
71 silly addNameRange     '2.11.1',
71 silly addNameRange     '2.11.2',
71 silly addNameRange     '2.11.3',
71 silly addNameRange     '2.11.4',
71 silly addNameRange     '2.12.0',
71 silly addNameRange     '2.14.0',
71 silly addNameRange     '2.16.0',
71 silly addNameRange     '2.16.2',
71 silly addNameRange     '2.16.4',
71 silly addNameRange     '2.16.6',
71 silly addNameRange     '2.18.0',
71 silly addNameRange     '2.19.0',
71 silly addNameRange     '2.20.0',
71 silly addNameRange     '2.21.0',
71 silly addNameRange     '2.22.0',
71 silly addNameRange     '2.23.0',
71 silly addNameRange     '2.24.0',
71 silly addNameRange     '2.25.0',
71 silly addNameRange     '2.26.0',
71 silly addNameRange     '2.27.0',
71 silly addNameRange     '2.28.0',
71 silly addNameRange     '2.29.0',
71 silly addNameRange     '2.30.0',
71 silly addNameRange     '2.31.0',
71 silly addNameRange     '2.32.0',
71 silly addNameRange     '2.33.0',
71 silly addNameRange     '2.34.0',
71 silly addNameRange     '2.35.0',
71 silly addNameRange     '2.36.0',
71 silly addNameRange     '2.37.0',
71 silly addNameRange     '2.38.0',
71 silly addNameRange     '2.39.0',
71 silly addNameRange     '2.40.0',
71 silly addNameRange     '2.41.0',
71 silly addNameRange     '2.42.0',
71 silly addNameRange     '2.43.0',
71 silly addNameRange     '2.44.0',
71 silly addNameRange     '2.45.0',
71 silly addNameRange     '2.46.0',
71 silly addNameRange     '2.47.0',
71 silly addNameRange     '2.48.0',
71 silly addNameRange     '2.49.0',
71 silly addNameRange     '2.50.0',
71 silly addNameRange     '2.51.0' ] ]
72 silly lockFile 84e03a62-request-2-51-1 request@^2.51.1
73 silly lockFile 84e03a62-request-2-51-1 request@^2.51.1
74 error notarget No compatible version found: request@'>=2.51.1-0 <3.0.0-0'
74 error notarget Valid install targets:
74 error notarget ["0.10.0","0.8.3","0.9.0","0.9.1","0.9.5","1.0.0","1.1.0","1.1.1","1.2.0","1.9.0","1.9.1","1.9.2","1.9.3","1.9.5","1.9.7","1.9.8","1.9.9","2.0.0","2.0.1","2.0.2","2.0.3","2.0.4","2.0.5","2.1.0","2.1.1","2.2.0","2.2.5","2.2.6","2.2.9","2.9.0","2.9.1","2.9.2","2.9.3","2.9.100","2.9.150","2.9.151","2.9.152","2.9.153","2.9.200","2.9.201","2.9.202","2.9.203","2.10.0","2.11.0","2.11.1","2.11.2","2.11.3","2.11.4","2.12.0","2.14.0","2.16.0","2.16.2","2.16.4","2.16.6","2.18.0","2.19.0","2.20.0","2.21.0","2.22.0","2.23.0","2.24.0","2.25.0","2.26.0","2.27.0","2.28.0","2.29.0","2.30.0","2.31.0","2.32.0","2.33.0","2.34.0","2.35.0","2.36.0","2.37.0","2.38.0","2.39.0","2.40.0","2.41.0","2.42.0","2.43.0","2.44.0","2.45.0","2.46.0","2.47.0","2.48.0","2.49.0","2.50.0","2.51.0"]
74 error notarget
74 error notarget This is most likely not a problem with npm itself.
74 error notarget In most cases you or one of your dependencies are requesting
74 error notarget a package version that doesn't exist.
75 error System Linux 3.13.0-32-generic
76 error command "/usr/bin/node" "/usr/bin/npm" "install"
77 error cwd /home/stethoscope/stethoscope
78 error node -v v0.10.33
79 error npm -v 1.4.28
80 error code ETARGET
81 verbose exit [ 1, true ]
